<?xml version="1.0" encoding="UTF-8"?>
<!-- Generated by org.testng.reporters.JUnitReportReporter -->
<testsuite hostname="DESKTOP-4VBOKL6" failures="0" tests="1" name="tests.CheckoutTest" time="3.363" errors="0" timestamp="2025-02-12T19:54:01 EET" skipped="0">
  <testcase classname="tests.CheckoutTest" name="testCheckoutWithEmptyFields" time="3.363"/>
</testsuite> <!-- tests.CheckoutTest -->
