<?xml version="1.0" encoding="UTF-8"?>
<!-- Generated by org.testng.reporters.JUnitReportReporter -->
<testsuite hostname="DESKTOP-4VBOKL6" failures="0" tests="1" name="SauceDemoUITests" time="6.305" errors="0" timestamp="2025-02-12T12:47:00 EET" skipped="0">
  <testcase classname="SauceDemoUITests" name="testLogin" time="6.305"/>
</testsuite> <!-- SauceDemoUITests -->
