<?xml version="1.0" encoding="UTF-8"?>
<!-- Generated by org.testng.reporters.JUnitReportReporter -->
<testsuite hostname="DESKTOP-4VBOKL6" failures="0" tests="3" name="tests.LoginTest" time="14.374" errors="0" timestamp="2025-02-12T19:54:01 EET" skipped="0">
  <testcase classname="tests.LoginTest" name="testSuccessfulLogin" time="3.166"/>
  <testcase classname="tests.LoginTest" name="testLoginWithInvalidCredentials" time="3.111"/>
  <testcase classname="tests.LoginTest" name="testLoginWithEmptyFields" time="8.097"/>
</testsuite> <!-- tests.LoginTest -->
